<?xml version="1.0" encoding="UTF-8"?>
<testsuite xmlns:xsi="http://www.w3.org/2001/XMLSchema-instance" xsi:noNamespaceSchemaLocation="https://maven.apache.org/surefire/maven-surefire-plugin/xsd/surefire-test-report.xsd" name="fr.umv.java.inside.SwitchExampleTest" time="0.001" tests="6" errors="0" skipped="0" failures="0">
  <properties>
    <property name="java.specification.version" value="13"/>
    <property name="sun.jnu.encoding" value="UTF-8"/>
    <property name="java.class.path" value="/home/6if2/npernet/java-inside/lab2/target/test-classes:/home/6if2/npernet/java-inside/lab2/target/classes:/home/6if2/npernet/.m2/repository/org/junit/jupiter/junit-jupiter-api/5.5.2/junit-jupiter-api-5.5.2.jar:/home/6if2/npernet/.m2/repository/org/apiguardian/apiguardian-api/1.1.0/apiguardian-api-1.1.0.jar:/home/6if2/npernet/.m2/repository/org/opentest4j/opentest4j/1.2.0/opentest4j-1.2.0.jar:/home/6if2/npernet/.m2/repository/org/junit/platform/junit-platform-commons/1.5.2/junit-platform-commons-1.5.2.jar:/home/6if2/npernet/.m2/repository/org/junit/jupiter/junit-jupiter-engine/5.5.2/junit-jupiter-engine-5.5.2.jar:/home/6if2/npernet/.m2/repository/org/junit/platform/junit-platform-engine/1.5.2/junit-platform-engine-1.5.2.jar:"/>
    <property name="java.vm.vendor" value="AdoptOpenJDK"/>
    <property name="sun.arch.data.model" value="64"/>
    <property name="java.vendor.url" value="https://adoptopenjdk.net/"/>
    <property name="os.name" value="Linux"/>
    <property name="java.vm.specification.version" value="13"/>
    <property name="sun.java.launcher" value="SUN_STANDARD"/>
    <property name="user.country" value="FR"/>
    <property name="sun.boot.library.path" value="/usr/local/apps/alternatives/java/jdk-13+33/lib"/>
    <property name="sun.java.command" value="/home/6if2/npernet/java-inside/lab2/target/surefire/surefirebooter2756302632496560381.jar /home/6if2/npernet/java-inside/lab2/target/surefire 2019-10-01T09-44-47_775-jvmRun1 surefire167673007872865174tmp surefire_05731254705080007123tmp"/>
    <property name="jdk.debug" value="release"/>
    <property name="surefire.test.class.path" value="/home/6if2/npernet/java-inside/lab2/target/test-classes:/home/6if2/npernet/java-inside/lab2/target/classes:/home/6if2/npernet/.m2/repository/org/junit/jupiter/junit-jupiter-api/5.5.2/junit-jupiter-api-5.5.2.jar:/home/6if2/npernet/.m2/repository/org/apiguardian/apiguardian-api/1.1.0/apiguardian-api-1.1.0.jar:/home/6if2/npernet/.m2/repository/org/opentest4j/opentest4j/1.2.0/opentest4j-1.2.0.jar:/home/6if2/npernet/.m2/repository/org/junit/platform/junit-platform-commons/1.5.2/junit-platform-commons-1.5.2.jar:/home/6if2/npernet/.m2/repository/org/junit/jupiter/junit-jupiter-engine/5.5.2/junit-jupiter-engine-5.5.2.jar:/home/6if2/npernet/.m2/repository/org/junit/platform/junit-platform-engine/1.5.2/junit-platform-engine-1.5.2.jar:"/>
    <property name="sun.cpu.endian" value="little"/>
    <property name="user.home" value="/home/6if2/npernet"/>
    <property name="user.language" value="fr"/>
    <property name="java.specification.vendor" value="Oracle Corporation"/>
    <property name="java.version.date" value="2019-09-17"/>
    <property name="java.home" value="/usr/local/apps/alternatives/java/jdk-13+33"/>
    <property name="file.separator" value="/"/>
    <property name="basedir" value="/home/6if2/npernet/java-inside/lab2"/>
    <property name="java.vm.compressedOopsMode" value="Zero based"/>
    <property name="line.separator" value="&#10;"/>
    <property name="java.vm.specification.vendor" value="Oracle Corporation"/>
    <property name="java.specification.name" value="Java Platform API Specification"/>
    <property name="surefire.real.class.path" value="/home/6if2/npernet/java-inside/lab2/target/surefire/surefirebooter2756302632496560381.jar"/>
    <property name="sun.management.compiler" value="HotSpot 64-Bit Tiered Compilers"/>
    <property name="java.runtime.version" value="13+33"/>
    <property name="user.name" value="npernet"/>
    <property name="path.separator" value=":"/>
    <property name="os.version" value="4.18.0-0.bpo.1-amd64"/>
    <property name="java.runtime.name" value="OpenJDK Runtime Environment"/>
    <property name="file.encoding" value="UTF-8"/>
    <property name="java.vm.name" value="OpenJDK 64-Bit Server VM"/>
    <property name="java.vendor.version" value="AdoptOpenJDK"/>
    <property name="localRepository" value="/home/6if2/npernet/.m2/repository"/>
    <property name="java.vendor.url.bug" value="https://github.com/AdoptOpenJDK/openjdk-build/issues"/>
    <property name="java.io.tmpdir" value="/tmp"/>
    <property name="java.version" value="13"/>
    <property name="user.dir" value="/home/6if2/npernet/java-inside/lab2"/>
    <property name="os.arch" value="amd64"/>
    <property name="java.vm.specification.name" value="Java Virtual Machine Specification"/>
    <property name="java.library.path" value="/usr/java/packages/lib:/usr/lib64:/lib64:/lib:/usr/lib"/>
    <property name="java.vm.info" value="mixed mode, sharing"/>
    <property name="java.vendor" value="AdoptOpenJDK"/>
    <property name="java.vm.version" value="13+33"/>
    <property name="sun.io.unicode.encoding" value="UnicodeLittle"/>
    <property name="java.class.version" value="57.0"/>
  </properties>
  <testcase name="testCat" classname="fr.umv.java.inside.SwitchExampleTest" time="0.001"/>
  <testcase name="testDog" classname="fr.umv.java.inside.SwitchExampleTest" time="0"/>
  <testcase name="testHorse" classname="fr.umv.java.inside.SwitchExampleTest" time="0"/>
  <testcase name="testCat2" classname="fr.umv.java.inside.SwitchExampleTest" time="0"/>
  <testcase name="testDog2" classname="fr.umv.java.inside.SwitchExampleTest" time="0"/>
  <testcase name="testHorse2" classname="fr.umv.java.inside.SwitchExampleTest" time="0"/>
</testsuite>